<?xml version="1.0" encoding="UTF-8"?>
<testsuite name="ru.nsu.yadryshnikova.PrimeCheckTest" tests="1" skipped="0" failures="0" errors="0" timestamp="2022-02-27T16:35:11" hostname="DESKTOP-POUK5KN" time="0.041">
  <properties/>
  <testcase name="allPrimes_largeArrayFalse()" classname="ru.nsu.yadryshnikova.PrimeCheckTest" time="0.041"/>
  <system-out><![CDATA[]]></system-out>
  <system-err><![CDATA[]]></system-err>
</testsuite>
