<?xml version="1.0" encoding="UTF-8"?>
<testsuite name="ru.nsu.yadryshnikova.NoteBookTest" tests="6" skipped="0" failures="0" errors="0" timestamp="2021-12-28T17:22:46" hostname="DESKTOP-POUK5KN" time="0.1">
  <properties/>
  <testcase name="notebookGetNotesWithDatesTest()" classname="ru.nsu.yadryshnikova.NoteBookTest" time="0.068"/>
  <testcase name="notebookGetNotesWithDatesAndKeywordsTest()" classname="ru.nsu.yadryshnikova.NoteBookTest" time="0.006"/>
  <testcase name="notebookAddNoteTest()" classname="ru.nsu.yadryshnikova.NoteBookTest" time="0.004"/>
  <testcase name="notebookRemoveNoteTest()" classname="ru.nsu.yadryshnikova.NoteBookTest" time="0.006"/>
  <testcase name="notebookGetNotesTest()" classname="ru.nsu.yadryshnikova.NoteBookTest" time="0.002"/>
  <testcase name="notebookRemoveNonExistentNoteThrows()" classname="ru.nsu.yadryshnikova.NoteBookTest" time="0.005"/>
  <system-out><![CDATA[]]></system-out>
  <system-err><![CDATA[]]></system-err>
</testsuite>
