<?xml version="1.0" encoding="UTF-8"?>
<testsuite name="ru.nsu.yadryshnikova.NotebookTest" tests="6" skipped="0" failures="0" errors="0" timestamp="2021-12-28T14:24:26" hostname="DESKTOP-POUK5KN" time="0.107">
  <properties/>
  <testcase name="notebookGetNotesWithDatesTest()" classname="ru.nsu.yadryshnikova.NotebookTest" time="0.065"/>
  <testcase name="notebookGetNotesWithDatesAndKeywordsTest()" classname="ru.nsu.yadryshnikova.NotebookTest" time="0.008"/>
  <testcase name="notebookAddNoteTest()" classname="ru.nsu.yadryshnikova.NotebookTest" time="0.014"/>
  <testcase name="notebookRemoveNoteTest()" classname="ru.nsu.yadryshnikova.NotebookTest" time="0.006"/>
  <testcase name="notebookGetNotesTest()" classname="ru.nsu.yadryshnikova.NotebookTest" time="0.002"/>
  <testcase name="notebookRemoveNonExistentNoteThrows()" classname="ru.nsu.yadryshnikova.NotebookTest" time="0.003"/>
  <system-out><![CDATA[]]></system-out>
  <system-err><![CDATA[]]></system-err>
</testsuite>
